<?xml version="1.0" encoding="UTF-8"?>
<!-- Generated by org.testng.reporters.JUnitXMLReporter -->
<testsuite hostname="DESKTOP-VDEJTHE" ignored="0" name="testClass" tests="16" failures="0" timestamp="2020-05-12T15:36:16 GMT+04:00" time="19.728" errors="0">
  <testcase name="Abs" time="0.009" classname="lab5.First_tests"/>
  <testcase name="Abs" time="0.0" classname="lab5.First_tests"/>
  <testcase name="Abs" time="0.001" classname="lab5.First_tests"/>
  <testcase name="Abs" time="0.001" classname="lab5.First_tests"/>
  <testcase name="Abs" time="0.0" classname="lab5.First_tests"/>
  <testcase name="AddExact" time="0.003" classname="lab5.First_tests"/>
  <testcase name="AddExact" time="0.001" classname="lab5.First_tests"/>
  <testcase name="AddExact" time="0.0" classname="lab5.First_tests"/>
  <testcase name="AddExact" time="0.001" classname="lab5.First_tests"/>
  <testcase name="AddExact" time="0.0" classname="lab5.First_tests"/>
  <testcase name="Task3FloorDiv" time="0.0" classname="lab5.First_tests"/>
  <testcase name="Task3FloorDiv" time="0.0" classname="lab5.First_tests"/>
  <testcase name="Task3FloorDiv" time="0.001" classname="lab5.First_tests"/>
  <testcase name="Task3FloorDiv" time="0.001" classname="lab5.First_tests"/>
  <testcase name="Task3FloorDiv" time="0.004" classname="lab5.First_tests"/>
  <testcase name="first" time="4.042" classname="lab5.First_tests"/>
</testsuite> <!-- testClass -->
