<?xml version="1.0" encoding="UTF-8"?>
<!-- Generated by org.testng.reporters.JUnitXMLReporter -->
<testsuite hostname="DESKTOP-VDEJTHE" ignored="0" name="testClass" tests="16" failures="0" timestamp="2020-05-12T11:32:05 GMT+04:00" time="22.729" errors="0">
  <testcase name="Task3Abs" time="0.013" classname="lab5.First_tests"/>
  <testcase name="Task3Abs" time="0.001" classname="lab5.First_tests"/>
  <testcase name="Task3Abs" time="0.0" classname="lab5.First_tests"/>
  <testcase name="Task3Abs" time="0.001" classname="lab5.First_tests"/>
  <testcase name="Task3Abs" time="0.0" classname="lab5.First_tests"/>
  <testcase name="Task3AssExact" time="0.001" classname="lab5.First_tests"/>
  <testcase name="Task3AssExact" time="0.0" classname="lab5.First_tests"/>
  <testcase name="Task3AssExact" time="0.0" classname="lab5.First_tests"/>
  <testcase name="Task3AssExact" time="0.0" classname="lab5.First_tests"/>
  <testcase name="Task3AssExact" time="0.0" classname="lab5.First_tests"/>
  <testcase name="Task3FloorDiv" time="0.001" classname="lab5.First_tests"/>
  <testcase name="Task3FloorDiv" time="0.0" classname="lab5.First_tests"/>
  <testcase name="Task3FloorDiv" time="0.0" classname="lab5.First_tests"/>
  <testcase name="Task3FloorDiv" time="0.0" classname="lab5.First_tests"/>
  <testcase name="Task3FloorDiv" time="0.007" classname="lab5.First_tests"/>
  <testcase name="first" time="4.218" classname="lab5.First_tests"/>
</testsuite> <!-- testClass -->
