<?xml version="1.0" encoding="UTF-8"?>
<testng-results skipped="0" failed="0" ignored="0" total="16" passed="16">
  <reporter-output>
  </reporter-output>
  <suite name="Suite1" duration-ms="19728" started-at="2020-05-12T15:35:57 GMT+04:00" finished-at="2020-05-12T15:36:16 GMT+04:00">
    <groups>
    </groups>
    <test name="testClass" duration-ms="19728" started-at="2020-05-12T15:35:57 GMT+04:00" finished-at="2020-05-12T15:36:16 GMT+04:00">
      <class name="lab5.First_tests">
        <test-method status="PASS" signature="setUp()[pri:0, instance:lab5.First_tests@69a3d1d]" name="setUp" is-config="true" duration-ms="14856" started-at="2020-05-12T15:35:57 GMT+04:00" finished-at="2020-05-12T15:36:11 GMT+04:00">
          <reporter-output>
          </reporter-output>
        </test-method> <!-- setUp -->
        <test-method status="PASS" signature="Abs(int)[pri:0, instance:lab5.First_tests@69a3d1d]" name="Abs" duration-ms="9" started-at="2020-05-12T15:36:11 GMT+04:00" data-provider="Abs" finished-at="2020-05-12T15:36:12 GMT+04:00">
          <params>
            <param index="0">
              <value>
                <![CDATA[1]]>
              </value>
            </param>
          </params>
          <reporter-output>
          </reporter-output>
        </test-method> <!-- Abs -->
        <test-method status="PASS" signature="Abs(int)[pri:0, instance:lab5.First_tests@69a3d1d]" name="Abs" duration-ms="0" started-at="2020-05-12T15:36:12 GMT+04:00" data-provider="Abs" finished-at="2020-05-12T15:36:12 GMT+04:00">
          <params>
            <param index="0">
              <value>
                <![CDATA[-1]]>
              </value>
            </param>
          </params>
          <reporter-output>
          </reporter-output>
        </test-method> <!-- Abs -->
        <test-method status="PASS" signature="Abs(int)[pri:0, instance:lab5.First_tests@69a3d1d]" name="Abs" duration-ms="1" started-at="2020-05-12T15:36:12 GMT+04:00" data-provider="Abs" finished-at="2020-05-12T15:36:12 GMT+04:00">
          <params>
            <param index="0">
              <value>
                <![CDATA[0]]>
              </value>
            </param>
          </params>
          <reporter-output>
          </reporter-output>
        </test-method> <!-- Abs -->
        <test-method status="PASS" signature="Abs(int)[pri:0, instance:lab5.First_tests@69a3d1d]" name="Abs" duration-ms="1" started-at="2020-05-12T15:36:12 GMT+04:00" data-provider="Abs" finished-at="2020-05-12T15:36:12 GMT+04:00">
          <params>
            <param index="0">
              <value>
                <![CDATA[-444444]]>
              </value>
            </param>
          </params>
          <reporter-output>
          </reporter-output>
        </test-method> <!-- Abs -->
        <test-method status="PASS" signature="Abs(int)[pri:0, instance:lab5.First_tests@69a3d1d]" name="Abs" duration-ms="0" started-at="2020-05-12T15:36:12 GMT+04:00" data-provider="Abs" finished-at="2020-05-12T15:36:12 GMT+04:00">
          <params>
            <param index="0">
              <value>
                <![CDATA[0]]>
              </value>
            </param>
          </params>
          <reporter-output>
          </reporter-output>
        </test-method> <!-- Abs -->
        <test-method status="PASS" signature="AddExact(int, int)[pri:0, instance:lab5.First_tests@69a3d1d]" name="AddExact" duration-ms="3" started-at="2020-05-12T15:36:12 GMT+04:00" data-provider="AddExact" finished-at="2020-05-12T15:36:12 GMT+04:00">
          <params>
            <param index="0">
              <value>
                <![CDATA[-1]]>
              </value>
            </param>
            <param index="1">
              <value>
                <![CDATA[10]]>
              </value>
            </param>
          </params>
          <reporter-output>
          </reporter-output>
        </test-method> <!-- AddExact -->
        <test-method status="PASS" signature="AddExact(int, int)[pri:0, instance:lab5.First_tests@69a3d1d]" name="AddExact" duration-ms="1" started-at="2020-05-12T15:36:12 GMT+04:00" data-provider="AddExact" finished-at="2020-05-12T15:36:12 GMT+04:00">
          <params>
            <param index="0">
              <value>
                <![CDATA[0]]>
              </value>
            </param>
            <param index="1">
              <value>
                <![CDATA[0]]>
              </value>
            </param>
          </params>
          <reporter-output>
          </reporter-output>
        </test-method> <!-- AddExact -->
        <test-method status="PASS" signature="AddExact(int, int)[pri:0, instance:lab5.First_tests@69a3d1d]" name="AddExact" duration-ms="0" started-at="2020-05-12T15:36:12 GMT+04:00" data-provider="AddExact" finished-at="2020-05-12T15:36:12 GMT+04:00">
          <params>
            <param index="0">
              <value>
                <![CDATA[999999999]]>
              </value>
            </param>
            <param index="1">
              <value>
                <![CDATA[999999999]]>
              </value>
            </param>
          </params>
          <reporter-output>
          </reporter-output>
        </test-method> <!-- AddExact -->
        <test-method status="PASS" signature="AddExact(int, int)[pri:0, instance:lab5.First_tests@69a3d1d]" name="AddExact" duration-ms="1" started-at="2020-05-12T15:36:12 GMT+04:00" data-provider="AddExact" finished-at="2020-05-12T15:36:12 GMT+04:00">
          <params>
            <param index="0">
              <value>
                <![CDATA[-30]]>
              </value>
            </param>
            <param index="1">
              <value>
                <![CDATA[20]]>
              </value>
            </param>
          </params>
          <reporter-output>
          </reporter-output>
        </test-method> <!-- AddExact -->
        <test-method status="PASS" signature="AddExact(int, int)[pri:0, instance:lab5.First_tests@69a3d1d]" name="AddExact" duration-ms="0" started-at="2020-05-12T15:36:12 GMT+04:00" data-provider="AddExact" finished-at="2020-05-12T15:36:12 GMT+04:00">
          <params>
            <param index="0">
              <value>
                <![CDATA[111]]>
              </value>
            </param>
            <param index="1">
              <value>
                <![CDATA[222]]>
              </value>
            </param>
          </params>
          <reporter-output>
          </reporter-output>
        </test-method> <!-- AddExact -->
        <test-method status="PASS" signature="Task3FloorDiv(int, int)[pri:0, instance:lab5.First_tests@69a3d1d]" name="Task3FloorDiv" duration-ms="0" started-at="2020-05-12T15:36:12 GMT+04:00" data-provider="FloorDiv" finished-at="2020-05-12T15:36:12 GMT+04:00">
          <params>
            <param index="0">
              <value>
                <![CDATA[4]]>
              </value>
            </param>
            <param index="1">
              <value>
                <![CDATA[4]]>
              </value>
            </param>
          </params>
          <reporter-output>
          </reporter-output>
        </test-method> <!-- Task3FloorDiv -->
        <test-method status="PASS" signature="Task3FloorDiv(int, int)[pri:0, instance:lab5.First_tests@69a3d1d]" name="Task3FloorDiv" duration-ms="1" started-at="2020-05-12T15:36:12 GMT+04:00" data-provider="FloorDiv" finished-at="2020-05-12T15:36:12 GMT+04:00">
          <params>
            <param index="0">
              <value>
                <![CDATA[4]]>
              </value>
            </param>
            <param index="1">
              <value>
                <![CDATA[2]]>
              </value>
            </param>
          </params>
          <reporter-output>
          </reporter-output>
        </test-method> <!-- Task3FloorDiv -->
        <test-method status="PASS" signature="Task3FloorDiv(int, int)[pri:0, instance:lab5.First_tests@69a3d1d]" name="Task3FloorDiv" duration-ms="0" started-at="2020-05-12T15:36:12 GMT+04:00" data-provider="FloorDiv" finished-at="2020-05-12T15:36:12 GMT+04:00">
          <params>
            <param index="0">
              <value>
                <![CDATA[4]]>
              </value>
            </param>
            <param index="1">
              <value>
                <![CDATA[3]]>
              </value>
            </param>
          </params>
          <reporter-output>
          </reporter-output>
        </test-method> <!-- Task3FloorDiv -->
        <test-method status="PASS" signature="Task3FloorDiv(int, int)[pri:0, instance:lab5.First_tests@69a3d1d]" name="Task3FloorDiv" duration-ms="1" started-at="2020-05-12T15:36:12 GMT+04:00" data-provider="FloorDiv" finished-at="2020-05-12T15:36:12 GMT+04:00">
          <params>
            <param index="0">
              <value>
                <![CDATA[4]]>
              </value>
            </param>
            <param index="1">
              <value>
                <![CDATA[1]]>
              </value>
            </param>
          </params>
          <reporter-output>
          </reporter-output>
        </test-method> <!-- Task3FloorDiv -->
        <test-method status="PASS" signature="Task3FloorDiv(int, int)[pri:0, instance:lab5.First_tests@69a3d1d]" name="Task3FloorDiv" duration-ms="4" started-at="2020-05-12T15:36:12 GMT+04:00" data-provider="FloorDiv" finished-at="2020-05-12T15:36:12 GMT+04:00">
          <params>
            <param index="0">
              <value>
                <![CDATA[4]]>
              </value>
            </param>
            <param index="1">
              <value>
                <![CDATA[0]]>
              </value>
            </param>
          </params>
          <reporter-output>
          </reporter-output>
        </test-method> <!-- Task3FloorDiv -->
        <test-method status="PASS" signature="first()[pri:0, instance:lab5.First_tests@69a3d1d]" name="first" duration-ms="4042" started-at="2020-05-12T15:36:12 GMT+04:00" finished-at="2020-05-12T15:36:16 GMT+04:00">
          <reporter-output>
          </reporter-output>
        </test-method> <!-- first -->
        <test-method status="PASS" signature="downUp()[pri:0, instance:lab5.First_tests@69a3d1d]" name="downUp" is-config="true" duration-ms="750" started-at="2020-05-12T15:36:16 GMT+04:00" finished-at="2020-05-12T15:36:16 GMT+04:00">
          <reporter-output>
          </reporter-output>
        </test-method> <!-- downUp -->
      </class> <!-- lab5.First_tests -->
    </test> <!-- testClass -->
  </suite> <!-- Suite1 -->
</testng-results>
