<?xml version="1.0" encoding="UTF-8"?>
<testsuite xmlns:xsi="http://www.w3.org/2001/XMLSchema-instance" xsi:noNamespaceSchemaLocation="https://maven.apache.org/surefire/maven-surefire-plugin/xsd/surefire-test-report-3.0.xsd" version="3.0" name="TestSuite" time="20.554" tests="16" errors="0" skipped="0" failures="0">
  <properties>
[...]
</properties>
  <testcase name="Abs" classname="lab5.First_tests" time="0.01"/>
  <testcase name="Abs" classname="lab5.First_tests" time="0"/>
  <testcase name="Abs" classname="lab5.First_tests" time="0"/>
  <testcase name="Abs" classname="lab5.First_tests" time="0.001"/>
  <testcase name="Abs" classname="lab5.First_tests" time="0.001"/>
  <testcase name="AddExact" classname="lab5.First_tests" time="0.003"/>
  <testcase name="AddExact" classname="lab5.First_tests" time="0"/>
  <testcase name="AddExact" classname="lab5.First_tests" time="0"/>
  <testcase name="AddExact" classname="lab5.First_tests" time="0"/>
  <testcase name="AddExact" classname="lab5.First_tests" time="0.001"/>
  <testcase name="Task3FloorDiv" classname="lab5.First_tests" time="0"/>
  <testcase name="Task3FloorDiv" classname="lab5.First_tests" time="0"/>
  <testcase name="Task3FloorDiv" classname="lab5.First_tests" time="0.001"/>
  <testcase name="Task3FloorDiv" classname="lab5.First_tests" time="0.002"/>
  <testcase name="Task3FloorDiv" classname="lab5.First_tests" time="0.045"/>
  <testcase name="first" classname="lab5.First_tests" time="4.002"/>
</testsuite>